[2018-09-16T18:52:51.110-0100][0.015s] Using Concurrent Mark Sweep
[2018-09-16T18:52:51.110-0100][0.015s] Heap address: 0x00000007a0000000, size: 512 MB, Compressed Oops mode: Zero based, Oop shift amount: 3
[2018-09-16T18:52:52.641-0100][1.546s] GC(0) Pause Young (Allocation Failure)
[2018-09-16T18:52:52.641-0100][1.546s] GC(0) Using 4 workers of 4 for evacuation
[2018-09-16T18:52:52.652-0100][1.557s] GC(0) ParNew: 87424K->10872K(109248K)
[2018-09-16T18:52:52.652-0100][1.557s] GC(0) CMS: 0K->0K(393216K)
[2018-09-16T18:52:52.652-0100][1.557s] GC(0) Metaspace: 24683K->24683K(1073152K)
[2018-09-16T18:52:52.652-0100][1.557s] GC(0) Pause Young (Allocation Failure) 85M->10M(490M) 11.560ms
[2018-09-16T18:52:52.652-0100][1.557s] GC(0) User=0.04s Sys=0.01s Real=0.01s
[2018-09-16T18:52:52.652-0100][1.557s] GC(1) Pause Initial Mark
[2018-09-16T18:52:52.654-0100][1.559s] GC(1) Pause Initial Mark 12M->12M(490M) 1.987ms
[2018-09-16T18:52:52.654-0100][1.559s] GC(1) User=0.01s Sys=0.00s Real=0.00s
[2018-09-16T18:52:52.655-0100][1.559s] GC(1) Concurrent Mark
[2018-09-16T18:52:52.655-0100][1.559s] GC(1) Using 4 workers of 4 for marking
[2018-09-16T18:52:52.655-0100][1.560s] GC(1) Concurrent Mark 0.140ms
[2018-09-16T18:52:52.655-0100][1.560s] GC(1) User=0.00s Sys=0.00s Real=0.00s
[2018-09-16T18:52:52.655-0100][1.560s] GC(1) Concurrent Preclean
[2018-09-16T18:52:52.656-0100][1.561s] GC(1) Concurrent Preclean 0.770ms
[2018-09-16T18:52:52.656-0100][1.561s] GC(1) User=0.00s Sys=0.00s Real=0.00s
[2018-09-16T18:52:52.656-0100][1.561s] GC(1) Pause Remark
[2018-09-16T18:52:52.656-0100][1.561s] GC(2) Pause Young (CMS Final Remark)
[2018-09-16T18:52:52.656-0100][1.561s] GC(2) Using 4 workers of 4 for evacuation
[2018-09-16T18:52:52.665-0100][1.570s] GC(2) ParNew: 12480K->14223K(109248K)
[2018-09-16T18:52:52.665-0100][1.570s] GC(2) CMS: 0K->0K(393216K)
[2018-09-16T18:52:52.665-0100][1.570s] GC(2) Metaspace: 24690K->24690K(1073152K)
[2018-09-16T18:52:52.665-0100][1.570s] GC(2) Pause Young (CMS Final Remark) 12M->13M(490M) 8.858ms
[2018-09-16T18:52:52.665-0100][1.570s] GC(2) User=0.03s Sys=0.01s Real=0.01s
[2018-09-16T18:52:52.674-0100][1.579s] GC(1) Pause Remark 12M->13M(490M) 18.221ms
[2018-09-16T18:52:52.674-0100][1.579s] GC(1) User=0.04s Sys=0.01s Real=0.02s
[2018-09-16T18:52:52.674-0100][1.579s] GC(1) Concurrent Sweep
[2018-09-16T18:52:52.675-0100][1.580s] GC(1) Concurrent Sweep 0.140ms
[2018-09-16T18:52:52.675-0100][1.580s] GC(1) User=0.00s Sys=0.00s Real=0.00s
[2018-09-16T18:52:52.675-0100][1.580s] GC(1) Concurrent Reset
[2018-09-16T18:52:52.680-0100][1.585s] GC(1) Concurrent Reset 5.072ms
[2018-09-16T18:52:52.680-0100][1.585s] GC(1) User=0.02s Sys=0.00s Real=0.01s
[2018-09-16T18:52:52.680-0100][1.585s] GC(1) Old: 0K->0K(393216K)
[2018-09-16T18:52:53.460-0100][2.365s] GC(3) Pause Young (Allocation Failure)
[2018-09-16T18:52:53.461-0100][2.365s] GC(3) Using 4 workers of 4 for evacuation
[2018-09-16T18:52:53.470-0100][2.374s] GC(3) ParNew: 101647K->20464K(109248K)
[2018-09-16T18:52:53.470-0100][2.375s] GC(3) CMS: 0K->0K(393216K)
[2018-09-16T18:52:53.470-0100][2.375s] GC(3) Metaspace: 33183K->33183K(1079296K)
[2018-09-16T18:52:53.470-0100][2.375s] GC(3) Pause Young (Allocation Failure) 99M->19M(490M) 9.211ms
[2018-09-16T18:52:53.470-0100][2.375s] GC(3) User=0.04s Sys=0.01s Real=0.01s
[2018-09-16T18:52:53.745-0100][2.650s] GC(4) Pause Young (Allocation Failure)
[2018-09-16T18:52:53.745-0100][2.650s] GC(4) Using 4 workers of 4 for evacuation
[2018-09-16T18:52:53.756-0100][2.661s] GC(4) ParNew: 107888K->21615K(109248K)
[2018-09-16T18:52:53.756-0100][2.661s] GC(4) CMS: 0K->0K(393216K)
[2018-09-16T18:52:53.756-0100][2.661s] GC(4) Metaspace: 35794K->35794K(1081344K)
[2018-09-16T18:52:53.756-0100][2.661s] GC(4) Pause Young (Allocation Failure) 105M->21M(490M) 11.257ms
[2018-09-16T18:52:53.756-0100][2.661s] GC(4) User=0.05s Sys=0.00s Real=0.01s
[2018-09-16T18:52:53.926-0100][2.831s] GC(5) Pause Young (Allocation Failure)
[2018-09-16T18:52:53.926-0100][2.831s] GC(5) Using 4 workers of 4 for evacuation
[2018-09-16T18:52:53.935-0100][2.840s] GC(5) ParNew: 109039K->21824K(109248K)
[2018-09-16T18:52:53.935-0100][2.840s] GC(5) CMS: 0K->1093K(393216K)
[2018-09-16T18:52:53.935-0100][2.840s] GC(5) Metaspace: 36770K->36770K(1083392K)
[2018-09-16T18:52:53.935-0100][2.840s] GC(5) Pause Young (Allocation Failure) 106M->22M(490M) 9.314ms
[2018-09-16T18:52:53.935-0100][2.840s] GC(5) User=0.04s Sys=0.01s Real=0.01s
[2018-09-16T18:52:54.371-0100][3.276s] GC(6) Pause Young (Allocation Failure)
[2018-09-16T18:52:54.371-0100][3.276s] GC(6) Using 4 workers of 4 for evacuation
[2018-09-16T18:52:54.382-0100][3.287s] GC(6) ParNew: 109248K->21824K(109248K)
[2018-09-16T18:52:54.382-0100][3.287s] GC(6) CMS: 1093K->2091K(393216K)
[2018-09-16T18:52:54.382-0100][3.287s] GC(6) Metaspace: 41191K->41191K(1087488K)
[2018-09-16T18:52:54.382-0100][3.287s] GC(6) Pause Young (Allocation Failure) 107M->23M(490M) 10.577ms
[2018-09-16T18:52:54.382-0100][3.287s] GC(6) User=0.05s Sys=0.00s Real=0.01s
[2018-09-16T18:52:56.382-0100][5.287s] GC(7) Pause Initial Mark
[2018-09-16T18:52:56.389-0100][5.293s] GC(7) Pause Initial Mark 61M->61M(490M) 6.711ms
[2018-09-16T18:52:56.389-0100][5.294s] GC(7) User=0.03s Sys=0.00s Real=0.00s
[2018-09-16T18:52:56.389-0100][5.294s] GC(7) Concurrent Mark
[2018-09-16T18:52:56.389-0100][5.294s] GC(7) Using 4 workers of 4 for marking
[2018-09-16T18:52:56.390-0100][5.295s] GC(7) Concurrent Mark 1.608ms
[2018-09-16T18:52:56.390-0100][5.295s] GC(7) User=0.00s Sys=0.00s Real=0.01s
[2018-09-16T18:52:56.390-0100][5.295s] GC(7) Concurrent Preclean
[2018-09-16T18:52:56.391-0100][5.296s] GC(7) Concurrent Preclean 0.650ms
[2018-09-16T18:52:56.391-0100][5.296s] GC(7) User=0.01s Sys=0.00s Real=0.00s
[2018-09-16T18:52:56.391-0100][5.296s] GC(7) Concurrent Abortable Preclean
[2018-09-16T18:53:02.518-0100][11.423s] GC(7) Concurrent Abortable Preclean 6127.060ms
[2018-09-16T18:53:02.518-0100][11.423s] GC(7) User=2.45s Sys=0.01s Real=6.12s
[2018-09-16T18:53:02.518-0100][11.423s] GC(7) Pause Remark
[2018-09-16T18:53:02.518-0100][11.423s] GC(8) Pause Young (CMS Final Remark)
[2018-09-16T18:53:02.518-0100][11.423s] GC(8) Using 4 workers of 4 for evacuation
[2018-09-16T18:53:02.530-0100][11.435s] GC(8) ParNew: 60929K->21824K(109248K)
[2018-09-16T18:53:02.530-0100][11.435s] GC(8) CMS: 2091K->4292K(393216K)
[2018-09-16T18:53:02.530-0100][11.435s] GC(8) Metaspace: 44666K->44666K(1089536K)
[2018-09-16T18:53:02.530-0100][11.435s] GC(8) Pause Young (CMS Final Remark) 61M->25M(490M) 11.500ms
[2018-09-16T18:53:02.530-0100][11.435s] GC(8) User=0.04s Sys=0.00s Real=0.02s
[2018-09-16T18:53:02.546-0100][11.450s] GC(7) Pause Remark 61M->25M(490M) 27.307ms
[2018-09-16T18:53:02.546-0100][11.451s] GC(7) User=0.06s Sys=0.00s Real=0.03s
[2018-09-16T18:53:02.546-0100][11.451s] GC(7) Concurrent Sweep
[2018-09-16T18:53:02.548-0100][11.452s] GC(7) Concurrent Sweep 1.750ms
[2018-09-16T18:53:02.548-0100][11.452s] GC(7) User=0.01s Sys=0.00s Real=0.00s
[2018-09-16T18:53:02.548-0100][11.452s] GC(7) Concurrent Reset
[2018-09-16T18:53:02.548-0100][11.453s] GC(7) Concurrent Reset 0.290ms
[2018-09-16T18:53:02.548-0100][11.453s] GC(7) User=0.00s Sys=0.00s Real=0.00s
[2018-09-16T18:53:02.548-0100][11.453s] GC(7) Old: 2091K->3502K(393216K)
[2018-09-16T18:53:28.211-0100][37.116s] Heap
[2018-09-16T18:53:28.211-0100][37.116s]  par new generation   total 109248K, used 34920K [0x00000007a0000000, 0x00000007a8000000, 0x00000007a8000000)
[2018-09-16T18:53:28.211-0100][37.116s]   eden space 87424K,  14% used [0x00000007a0000000, 0x00000007a0cca120, 0x00000007a5560000)
[2018-09-16T18:53:28.211-0100][37.116s]   from space 21824K, 100% used [0x00000007a6ab0000, 0x00000007a8000000, 0x00000007a8000000)
[2018-09-16T18:53:28.211-0100][37.116s]   to   space 21824K,   0% used [0x00000007a5560000, 0x00000007a5560000, 0x00000007a6ab0000)
[2018-09-16T18:53:28.211-0100][37.116s]  concurrent mark-sweep generation total 393216K, used 3502K [0x00000007a8000000, 0x00000007c0000000, 0x00000007c0000000)
[2018-09-16T18:53:28.211-0100][37.116s]  Metaspace       used 44940K, capacity 45886K, committed 46608K, reserved 1091584K
[2018-09-16T18:53:28.211-0100][37.116s]   class space    used 4977K, capacity 5363K, committed 5444K, reserved 1048576K
