2018-09-16 12:22:55.365 INFO  (main) [   ] o.e.j.u.log Logging initialized @1050ms to org.eclipse.jetty.util.log.Slf4jLog
2018-09-16 12:22:55.504 INFO  (main) [   ] o.e.j.s.Server jetty-9.4.10.v20180503; built: 2018-05-03T15:56:21.710Z; git: daa59876e6f384329b122929e70a80934569428c; jvm 10.0.1+10
2018-09-16 12:22:55.527 INFO  (main) [   ] o.e.j.d.p.ScanningAppProvider Deployment monitor [file:///Users/francescocalifano/Desktop/SoftwareReuse/solr-7.4.0/server/contexts/] at interval 0
2018-09-16 12:22:55.798 INFO  (main) [   ] o.e.j.w.StandardDescriptorProcessor NO JSP Support for /solr, did not find org.apache.jasper.servlet.JspServlet
2018-09-16 12:22:55.810 INFO  (main) [   ] o.e.j.s.session DefaultSessionIdManager workerName=node0
2018-09-16 12:22:55.810 INFO  (main) [   ] o.e.j.s.session No SessionScavenger set, using defaults
2018-09-16 12:22:55.813 INFO  (main) [   ] o.e.j.s.session node0 Scavenging every 600000ms
2018-09-16 12:22:55.877 INFO  (main) [   ] o.a.s.u.c.SSLCredentialProviderFactory Processing SSL Credential Provider chain: env;sysprop
2018-09-16 12:22:55.913 INFO  (main) [   ] o.a.s.s.SolrDispatchFilter Using logger factory org.apache.logging.slf4j.Log4jLoggerFactory
2018-09-16 12:22:55.921 INFO  (main) [   ] o.a.s.s.SolrDispatchFilter  ___      _       Welcome to Apache Solr™ version 7.4.0
2018-09-16 12:22:55.922 INFO  (main) [   ] o.a.s.s.SolrDispatchFilter / __| ___| |_ _   Starting in standalone mode on port 8983
2018-09-16 12:22:55.922 INFO  (main) [   ] o.a.s.s.SolrDispatchFilter \__ \/ _ \ | '_|  Install dir: /Users/francescocalifano/Desktop/SoftwareReuse/solr-7.4.0
2018-09-16 12:22:55.923 INFO  (main) [   ] o.a.s.s.SolrDispatchFilter |___/\___/_|_|    Start time: 2018-09-16T12:22:55.923456Z
2018-09-16 12:22:56.029 INFO  (main) [   ] o.a.s.c.SolrResourceLoader Using system property solr.solr.home: /Users/francescocalifano/Desktop/SoftwareReuse/solr-7.4.0/server/solr
2018-09-16 12:22:56.037 INFO  (main) [   ] o.a.s.c.SolrXmlConfig Loading container configuration from /Users/francescocalifano/Desktop/SoftwareReuse/solr-7.4.0/server/solr/solr.xml
2018-09-16 12:22:56.106 INFO  (main) [   ] o.a.s.c.SolrXmlConfig MBean server found: com.sun.jmx.mbeanserver.JmxMBeanServer@544d57e, but no JMX reporters were configured - adding default JMX reporter.
2018-09-16 12:22:56.632 INFO  (main) [   ] o.a.s.c.TransientSolrCoreCacheDefault Allocating transient cache for 2147483647 transient cores
2018-09-16 12:22:56.635 INFO  (main) [   ] o.a.s.h.a.MetricsHistoryHandler No .system collection, keeping metrics history in memory.
2018-09-16 12:22:56.692 INFO  (main) [   ] o.a.s.m.r.SolrJmxReporter JMX monitoring for 'solr.node' (registry 'solr.node') enabled at server: com.sun.jmx.mbeanserver.JmxMBeanServer@544d57e
2018-09-16 12:22:56.692 INFO  (main) [   ] o.a.s.m.r.SolrJmxReporter JMX monitoring for 'solr.jvm' (registry 'solr.jvm') enabled at server: com.sun.jmx.mbeanserver.JmxMBeanServer@544d57e
2018-09-16 12:22:56.699 INFO  (main) [   ] o.a.s.m.r.SolrJmxReporter JMX monitoring for 'solr.jetty' (registry 'solr.jetty') enabled at server: com.sun.jmx.mbeanserver.JmxMBeanServer@544d57e
2018-09-16 12:22:56.718 INFO  (main) [   ] o.a.s.c.CorePropertiesLocator Found 1 core definitions underneath /Users/francescocalifano/Desktop/SoftwareReuse/solr-7.4.0/server/solr
2018-09-16 12:22:56.719 INFO  (main) [   ] o.a.s.c.CorePropertiesLocator Cores are: [componentscore]
2018-09-16 12:22:56.775 INFO  (coreLoadExecutor-9-thread-1) [   x:componentscore] o.a.s.c.SolrResourceLoader [componentscore] Added 57 libs to classloader, from paths: [/Users/francescocalifano/Desktop/SoftwareReuse/solr-7.4.0/contrib/clustering/lib, /Users/francescocalifano/Desktop/SoftwareReuse/solr-7.4.0/contrib/extraction/lib, /Users/francescocalifano/Desktop/SoftwareReuse/solr-7.4.0/contrib/langid/lib, /Users/francescocalifano/Desktop/SoftwareReuse/solr-7.4.0/contrib/velocity/lib, /Users/francescocalifano/Desktop/SoftwareReuse/solr-7.4.0/dist]
2018-09-16 12:22:56.799 INFO  (main) [   ] o.e.j.s.h.ContextHandler Started o.e.j.w.WebAppContext@3ebff828{/solr,file:///Users/francescocalifano/Desktop/SoftwareReuse/solr-7.4.0/server/solr-webapp/webapp/,AVAILABLE}{file:///Users/francescocalifano/Desktop/SoftwareReuse/solr-7.4.0/server//solr-webapp/webapp}
2018-09-16 12:22:56.816 INFO  (main) [   ] o.e.j.s.AbstractConnector Started ServerConnector@70e841a6{HTTP/1.1,[http/1.1]}{0.0.0.0:8983}
2018-09-16 12:22:56.817 INFO  (main) [   ] o.e.j.s.Server Started @2505ms
2018-09-16 12:22:56.924 INFO  (coreLoadExecutor-9-thread-1) [   x:componentscore] o.a.s.c.SolrConfig Using Lucene MatchVersion: 7.4.0
2018-09-16 12:22:57.030 INFO  (coreLoadExecutor-9-thread-1) [   x:componentscore] o.a.s.s.IndexSchema [componentscore] Schema name=default-config
2018-09-16 12:22:57.381 INFO  (coreLoadExecutor-9-thread-1) [   x:componentscore] o.a.s.s.IndexSchema Loaded schema default-config/1.6 with uniqueid field id
2018-09-16 12:22:57.409 INFO  (coreLoadExecutor-9-thread-1) [   x:componentscore] o.a.s.c.CoreContainer Creating SolrCore 'componentscore' using configuration from instancedir /Users/francescocalifano/Desktop/SoftwareReuse/solr-7.4.0/server/solr/componentscore, trusted=true
2018-09-16 12:22:57.429 INFO  (coreLoadExecutor-9-thread-1) [   x:componentscore] o.a.s.m.r.SolrJmxReporter JMX monitoring for 'solr.core.componentscore' (registry 'solr.core.componentscore') enabled at server: com.sun.jmx.mbeanserver.JmxMBeanServer@544d57e
2018-09-16 12:22:57.436 INFO  (coreLoadExecutor-9-thread-1) [   x:componentscore] o.a.s.c.SolrCore solr.RecoveryStrategy.Builder
2018-09-16 12:22:57.441 INFO  (coreLoadExecutor-9-thread-1) [   x:componentscore] o.a.s.c.SolrCore [[componentscore] ] Opening new SolrCore at [/Users/francescocalifano/Desktop/SoftwareReuse/solr-7.4.0/server/solr/componentscore], dataDir=[/Users/francescocalifano/Desktop/SoftwareReuse/solr-7.4.0/server/solr/componentscore/data/]
2018-09-16 12:22:57.466 INFO  (coreLoadExecutor-9-thread-1) [   x:componentscore] o.a.s.r.XSLTResponseWriter xsltCacheLifetimeSeconds=5
2018-09-16 12:22:57.795 INFO  (coreLoadExecutor-9-thread-1) [   x:componentscore] o.a.s.u.UpdateHandler Using UpdateLog implementation: org.apache.solr.update.UpdateLog
2018-09-16 12:22:57.796 INFO  (coreLoadExecutor-9-thread-1) [   x:componentscore] o.a.s.u.UpdateLog Initializing UpdateLog: dataDir= defaultSyncLevel=FLUSH numRecordsToKeep=100 maxNumLogsToKeep=10 numVersionBuckets=65536
2018-09-16 12:22:57.812 INFO  (coreLoadExecutor-9-thread-1) [   x:componentscore] o.a.s.u.CommitTracker Hard AutoCommit: if uncommited for 15000ms; 
2018-09-16 12:22:57.813 INFO  (coreLoadExecutor-9-thread-1) [   x:componentscore] o.a.s.u.CommitTracker Soft AutoCommit: disabled
2018-09-16 12:22:57.904 INFO  (coreLoadExecutor-9-thread-1) [   x:componentscore] o.a.s.s.SolrIndexSearcher Opening [Searcher@1eeec520[componentscore] main]
2018-09-16 12:22:57.913 INFO  (coreLoadExecutor-9-thread-1) [   x:componentscore] o.a.s.r.ManagedResourceStorage File-based storage initialized to use dir: /Users/francescocalifano/Desktop/SoftwareReuse/solr-7.4.0/server/solr/componentscore/conf
2018-09-16 12:22:57.929 INFO  (coreLoadExecutor-9-thread-1) [   x:componentscore] o.a.s.h.c.SpellCheckComponent Initializing spell checkers
2018-09-16 12:22:57.934 INFO  (coreLoadExecutor-9-thread-1) [   x:componentscore] o.a.s.s.DirectSolrSpellChecker init: {name=default,field=_text_,classname=solr.DirectSolrSpellChecker,distanceMeasure=internal,accuracy=0.5,maxEdits=2,minPrefix=1,maxInspections=5,minQueryLength=4,maxQueryFrequency=0.01}
2018-09-16 12:22:57.944 INFO  (coreLoadExecutor-9-thread-1) [   x:componentscore] o.a.s.h.ReplicationHandler Commits will be reserved for 10000ms.
2018-09-16 12:22:57.946 INFO  (searcherExecutor-10-thread-1-processing-x:componentscore) [   x:componentscore] o.a.s.c.QuerySenderListener QuerySenderListener sending requests to Searcher@1eeec520[componentscore] main{ExitableDirectoryReader(UninvertingDirectoryReader(Uninverting(_0(7.4.0):C1) Uninverting(_1(7.4.0):C1) Uninverting(_2(7.4.0):C1)))}
2018-09-16 12:22:57.946 INFO  (searcherExecutor-10-thread-1-processing-x:componentscore) [   x:componentscore] o.a.s.c.QuerySenderListener QuerySenderListener done.
2018-09-16 12:22:57.946 INFO  (searcherExecutor-10-thread-1-processing-x:componentscore) [   x:componentscore] o.a.s.h.c.SpellCheckComponent Loading spell index for spellchecker: default
2018-09-16 12:22:57.950 INFO  (searcherExecutor-10-thread-1-processing-x:componentscore) [   x:componentscore] o.a.s.c.SolrCore [componentscore] Registered new searcher Searcher@1eeec520[componentscore] main{ExitableDirectoryReader(UninvertingDirectoryReader(Uninverting(_0(7.4.0):C1) Uninverting(_1(7.4.0):C1) Uninverting(_2(7.4.0):C1)))}
2018-09-16 12:22:59.505 INFO  (qtp1844334363-22) [   x:componentscore] o.a.s.c.S.Request [componentscore]  webapp=/solr path=/select params={q=Content_t:ipsum} hits=3 status=0 QTime=43
2018-09-16 12:23:23.344 INFO  (qtp1844334363-19) [   x:componentscore] o.a.s.c.S.Request [componentscore]  webapp=/solr path=/select params={q=Content_t:ipsum} hits=3 status=0 QTime=1
2018-09-16 12:26:14.959 INFO  (qtp1844334363-17) [   x:componentscore] o.a.s.c.S.Request [componentscore]  webapp=/solr path=/select params={q=Content_t:ipsum} hits=3 status=0 QTime=0
2018-09-16 12:28:38.394 INFO  (qtp1844334363-16) [   x:componentscore] o.a.s.c.S.Request [componentscore]  webapp=/solr path=/select params={q=Content_t:ipsum} hits=3 status=0 QTime=0
2018-09-16 12:30:01.788 INFO  (qtp1844334363-20) [   x:componentscore] o.a.s.c.S.Request [componentscore]  webapp=/solr path=/select params={q=Content_t:ipsum} hits=3 status=0 QTime=0
2018-09-16 12:30:36.312 INFO  (qtp1844334363-19) [   x:componentscore] o.a.s.c.S.Request [componentscore]  webapp=/solr path=/select params={q=Content_t:ipsum} hits=3 status=0 QTime=0
2018-09-16 12:30:59.019 INFO  (qtp1844334363-24) [   x:componentscore] o.a.s.c.S.Request [componentscore]  webapp=/solr path=/select params={q=Content_t:ipsum} hits=3 status=0 QTime=0
2018-09-16 12:32:09.697 INFO  (qtp1844334363-19) [   x:componentscore] o.a.s.c.S.Request [componentscore]  webapp=/solr path=/select params={q=Content_t:ipsum+est} hits=3 status=0 QTime=3
2018-09-16 12:32:20.630 INFO  (qtp1844334363-22) [   x:componentscore] o.a.s.c.S.Request [componentscore]  webapp=/solr path=/select params={q=Author_s:Antonio} hits=3 status=0 QTime=1
2018-09-16 12:32:55.233 INFO  (ShutdownMonitor) [   ] o.e.j.s.AbstractConnector Stopped ServerConnector@70e841a6{HTTP/1.1,[http/1.1]}{0.0.0.0:8983}
2018-09-16 12:32:55.233 INFO  (ShutdownMonitor) [   ] o.e.j.s.session node0 Stopped scavenging
2018-09-16 12:32:55.236 INFO  (ShutdownMonitor) [   ] o.a.s.c.CoreContainer Shutting down CoreContainer instance=703627308
2018-09-16 12:32:55.237 INFO  (ShutdownMonitor) [   ] o.a.s.m.SolrMetricManager Closing metric reporters for registry=solr.node, tag=null
2018-09-16 12:32:55.238 INFO  (ShutdownMonitor) [   ] o.a.s.m.r.SolrJmxReporter Closing reporter [org.apache.solr.metrics.reporters.SolrJmxReporter@3b2f4a93: rootName = null, domain = solr.node, service url = null, agent id = null] for registry solr.node / com.codahale.metrics.MetricRegistry@6d13399c
2018-09-16 12:32:55.242 INFO  (ShutdownMonitor) [   ] o.a.s.m.SolrMetricManager Closing metric reporters for registry=solr.jvm, tag=null
2018-09-16 12:32:55.242 INFO  (ShutdownMonitor) [   ] o.a.s.m.r.SolrJmxReporter Closing reporter [org.apache.solr.metrics.reporters.SolrJmxReporter@b25b095: rootName = null, domain = solr.jvm, service url = null, agent id = null] for registry solr.jvm / com.codahale.metrics.MetricRegistry@6219b2fb
2018-09-16 12:32:55.245 INFO  (ShutdownMonitor) [   ] o.a.s.m.SolrMetricManager Closing metric reporters for registry=solr.jetty, tag=null
2018-09-16 12:32:55.245 INFO  (ShutdownMonitor) [   ] o.a.s.m.r.SolrJmxReporter Closing reporter [org.apache.solr.metrics.reporters.SolrJmxReporter@5cb042da: rootName = null, domain = solr.jetty, service url = null, agent id = null] for registry solr.jetty / com.codahale.metrics.MetricRegistry@16b2a8fd
2018-09-16 12:32:55.247 INFO  (coreCloseExecutor-15-thread-1) [   x:componentscore] o.a.s.c.SolrCore [componentscore]  CLOSING SolrCore org.apache.solr.core.SolrCore@72f060f9
2018-09-16 12:32:55.248 INFO  (coreCloseExecutor-15-thread-1) [   x:componentscore] o.a.s.m.SolrMetricManager Closing metric reporters for registry=solr.core.componentscore, tag=72f060f9
2018-09-16 12:32:55.248 INFO  (coreCloseExecutor-15-thread-1) [   x:componentscore] o.a.s.m.r.SolrJmxReporter Closing reporter [org.apache.solr.metrics.reporters.SolrJmxReporter@1dff6b9e: rootName = null, domain = solr.core.componentscore, service url = null, agent id = null] for registry solr.core.componentscore / com.codahale.metrics.MetricRegistry@2e78d48d
2018-09-16 12:32:55.268 INFO  (ShutdownMonitor) [   ] o.e.j.s.h.ContextHandler Stopped o.e.j.w.WebAppContext@3ebff828{/solr,null,UNAVAILABLE}{file:///Users/francescocalifano/Desktop/SoftwareReuse/solr-7.4.0/server//solr-webapp/webapp}
